<?xml version="1.0" encoding="UTF-8"?>
<!-- Generated by org.testng.reporters.JUnitReportReporter -->
<testsuite skipped="0" hostname="LAPTOP3" name="Tests.LoginTest01" tests="1" failures="0" timestamp="08 Dec 2018 02:52:27 GMT" time="53.469" errors="0">
  <testcase name="AmazonLogin" time="53.469" classname="Tests.LoginTest01"/>
</testsuite> <!-- Tests.LoginTest01 -->
