<?xml version="1.0" encoding="UTF-8"?>
<!-- Generated by org.testng.reporters.JUnitReportReporter -->
<testsuite skipped="0" hostname="KITS-D-P05" name="Tests.LoginTest01" tests="1" failures="0" timestamp="05 Dec 2018 08:07:55 GMT" time="38.690" errors="0">
  <testcase name="AmazonLogin" time="38.690" classname="Tests.LoginTest01"/>
</testsuite> <!-- Tests.LoginTest01 -->
